<?xml version="1.0" encoding="UTF-8"?>
<!-- Generated by org.testng.reporters.JUnitReportReporter -->
<testsuite hostname="LAPTOP-81FSS902" failures="0" tests="1" name="j.CreateNewUser" time="5.181" errors="0" timestamp="2022-01-31T20:28:25 GMT-08:00" skipped="0">
  <testcase classname="j.CreateNewUser" name="createUser" time="5.181"/>
  <system-out/>
</testsuite> <!-- j.CreateNewUser -->
