<?xml version="1.0" encoding="UTF-8"?>
<!-- Generated by org.testng.reporters.JUnitReportReporter -->
<testsuite hostname="LAPTOP-81FSS902" failures="0" tests="1" name="j.GetUsers" time="18.500" errors="0" timestamp="2022-02-23T08:11:44 GMT-08:00" skipped="0">
  <testcase classname="j.GetUsers" name="getUsersDetail" time="18.500"/>
  <system-out/>
</testsuite> <!-- j.GetUsers -->
