<?xml version="1.0" encoding="UTF-8"?>
<!-- Generated by org.testng.reporters.JUnitReportReporter -->
<testsuite hostname="LAPTOP-81FSS902" failures="0" tests="5" name="j.CreateIssue" time="20.390" errors="0" timestamp="2022-03-06T19:29:19 GMT-08:00" skipped="1">
  <testcase classname="j.CreateIssue" name="createIssue" time="15.235"/>
  <system-out/>
  <testcase classname="j.CreateIssue" name="getIssueByKey" time="2.194"/>
  <system-out/>
  <testcase classname="j.CreateIssue" name="addCommentToIssue" time="1.985"/>
  <system-out/>
  <testcase classname="j.CreateIssue" name="getCommentBYKey" time="0.976"/>
  <system-out/>
  <testcase classname="j.CreateIssue" name="deletCommentOFIssue">
    <skipped/>
  </testcase> <!-- deletCommentOFIssue -->
  <system-out/>
</testsuite> <!-- j.CreateIssue -->
