<?xml version="1.0" encoding="UTF-8"?>
<!-- Generated by org.testng.reporters.JUnitReportReporter -->
<testsuite hostname="LAPTOP-81FSS902" failures="0" tests="1" name="j.Practice" time="11.403" errors="0" timestamp="2022-01-31T19:00:12 GMT-08:00" skipped="0">
  <testcase classname="j.Practice" name="createUser" time="11.403"/>
  <system-out/>
</testsuite> <!-- j.Practice -->
