<?xml version="1.0" encoding="UTF-8"?>
<!-- Generated by org.testng.reporters.JUnitReportReporter -->
<testsuite hostname="LAPTOP-81FSS902" failures="0" tests="1" name="j.PracticeRestAssured" time="7.659" errors="0" timestamp="2022-01-30T19:17:47 GMT-08:00" skipped="0">
  <testcase classname="j.PracticeRestAssured" name="getUsersDetail" time="7.659"/>
  <system-out/>
</testsuite> <!-- j.PracticeRestAssured -->
